//  
//  PTLsim: Cycle Accurate x86-64 Simulator
//  Copyright 1999-2007 Matt T. Yourst <yourst@yourst.com>
// 
//  Revision 0 (unknown)
//  Built Sep  9 2014 04:03:10 on freya.cs.uiuc.edu using gcc-4.1
//  Running on freya.cs.uiuc.edu.zilles
//  
//  Arguments: /bin/ls
//  Thread 28061 is running in 64-bit x86-64 mode
//  

Active parameters:
  -core         ooo
  -quiet        disabled
  -logfile      ptlsim.log
  -loglevel     0
  -startlog     0
  -startlogrip  -1
  -consolelog   disabled
  -bootlog      disabled
  -logbufsize   524288
  -dump-state-now disabled
  -abort-at-end disabled
  -mm-logfile   
  -mm-logbuf-size 16384
  -mm-log-inline disabled
  -mm-validate  disabled
  -ringbuf      disabled
  -ringbuf-size 32768
  -flush-events disabled
  -ringbuf-trigger-rip -1
  -ringbuf-trigger-virt-start 0
  -ringbuf-trigger-virt-end 0
  -stats        
  -snapshot-cycles infinity
  -snapshot-now 
  -startrip     -1
  -excludeld    enabled
  -trigger      disabled
  -pause-at-startup 0
  -stopinsns    infinity
  -stopcycle    infinity
  -stopiter     infinity
  -stoprip      -1
  -stop-at-marker infinity
  -stop-at-marker-hits infinity
  -stopinsns-rel infinity
  -bbinsns      65536
  -flushevery   infinity
  -kill-after-run disabled
  -validate     disabled
  -validate-start-cycle 0
  -perfect-cache disabled
  -dumpcode     test.dat
  -dump-at-end  disabled
  -overshoot-and-dump disabled
  -bbdump       
  -seq          0
  -exitend      disabled
Active parameters:
  -core         ooo
  -quiet        disabled
  -logfile      ptlsim.log
  -loglevel     0
  -startlog     0
  -startlogrip  -1
  -consolelog   disabled
  -bootlog      disabled
  -logbufsize   524288
  -dump-state-now disabled
  -abort-at-end disabled
  -mm-logfile   
  -mm-logbuf-size 16384
  -mm-log-inline disabled
  -mm-validate  disabled
  -ringbuf      disabled
  -ringbuf-size 32768
  -flush-events disabled
  -ringbuf-trigger-rip -1
  -ringbuf-trigger-virt-start 0
  -ringbuf-trigger-virt-end 0
  -stats        
  -snapshot-cycles infinity
  -snapshot-now 
  -startrip     -1
  -excludeld    enabled
  -trigger      disabled
  -pause-at-startup 0
  -stopinsns    infinity
  -stopcycle    infinity
  -stopiter     infinity
  -stoprip      -1
  -stop-at-marker infinity
  -stop-at-marker-hits infinity
  -stopinsns-rel infinity
  -bbinsns      65536
  -flushevery   infinity
  -kill-after-run disabled
  -validate     disabled
  -validate-start-cycle 0
  -perfect-cache disabled
  -dumpcode     test.dat
  -dump-at-end  disabled
  -overshoot-and-dump disabled
  -bbdump       
  -seq          0
  -exitend      disabled
loader: interp_entry 0x3348e00a70, program_entry 0x402460

Breakpoint inserted at rip 0x3348e00a70

=== Preparing to switch to native mode at rip 0x3348e00a70 ===

Final state:
VCPU State:
  Architectural Registers:
  rax    0x0000000000000000  rcx    0x0000000000000000  rdx    0x0000000000000000  rbx    0x0000000000000000
  rsp    0x00007fff01b3db90  rbp    0x0000000000000000  rsi    0x0000000000000000  rdi    0x0000000000000000
  r8     0x0000000000000000  r9     0x0000000000000000  r10    0x0000000000000000  r11    0x0000000000000000
  r12    0x0000000000000000  r13    0x0000000000000000  r14    0x0000000000000000  r15    0x0000000000000000
  xmml0  0x0000000000000000  xmmh0  0x0000000000000000  xmml1  0x0000000000000000  xmmh1  0x0000000000000000
  xmml2  0x0000000000000000  xmmh2  0x0000000000000000  xmml3  0x0000000000000000  xmmh3  0x0000000000000000
  xmml4  0x0000000000000000  xmmh4  0x0000000000000000  xmml5  0x0000000000000000  xmmh5  0x0000000000000000
  xmml6  0x0000000000000000  xmmh6  0x0000000000000000  xmml7  0x0000000000000000  xmmh7  0x0000000000000000
  xmml8  0x0000000000000000  xmmh8  0x0000000000000000  xmml9  0x0000000000000000  xmmh9  0x0000000000000000
  xmml10 0x0000000000000000  xmmh10 0x0000000000000000  xmml11 0x0000000000000000  xmmh11 0x0000000000000000
  xmml12 0x0000000000000000  xmmh12 0x0000000000000000  xmml13 0x0000000000000000  xmmh13 0x0000000000000000
  xmml14 0x0000000000000000  xmmh14 0x0000000000000000  xmml15 0x0000000000000000  xmmh15 0x0000000000000000
  fptos  0x0000000000000000  fpsw   0x0000000000000000  fptags 0x0000000000000000  fpstack 0x00000000701162a0
  msr    0x0000000000000000  dlptr  0x0000000000000000  trace  0x0000000000000000  ctx    0x0000000070116000
  rip    0x0000003348e00a70  flags  0x0000000000000000  dlend  0x0000000000000000  selfrip 0x0000000000000000
  nextrip 0x0000000000000000  ar1    0x0000000000000000  ar2    0x0000000000000000  zero   0x0000000000000000
  Segment Registers:
    cs 0x0033: base 0000000000000000, limit 00000000ffffffff, ring 0: usr            
    ss 0x002b: base 0000000000000000, limit 00000000ffffffff, ring 0: usr            
    ds 0x0000: base 0000000000000000, limit 00000000ffffffff, ring 0: usr            
    es 0x0000: base 0000000000000000, limit 00000000ffffffff, ring 0: usr            
    fs 0x0000: base 0000000000000000, limit 00000000ffffffff, ring 0: usr            
    gs 0x0000: base 0000000000000000, limit 00000000ffffffff, ring 0: usr            
  FPU:
    FP Control Word: 0x0000037f
    MXCSR:           0x00001f80
    fp7  st(7)  Empty  0x0000000000000000 => 0.0
    fp6  st(6)  Empty  0x0000000000000000 => 0.0
    fp5  st(5)  Empty  0x0000000000000000 => 0.0
    fp4  st(4)  Empty  0x0000000000000000 => 0.0
    fp3  st(3)  Empty  0x0000000000000000 => 0.0
    fp2  st(2)  Empty  0x0000000000000000 => 0.0
    fp1  st(1)  Empty  0x0000000000000000 => 0.0
    fp0  st(0)  Empty  0x0000000000000000 => 0.0
  Internal State:
    Last internal exception: 0x0000000000000000 (NoException)

=== Switching to native mode at rip 0x3348e00a70 ===


=== Removed thunk patch at rip 0x3348e00a70 ===

=== Switching to simulation mode at rip 0x3348e00a70 ===

stack_min_addr: 0x7fff0114e000
stack_max_addr: 0x7fff01b3e000
init_stack_min_addr: 0x000000000000
resync_with_process_maps: found 29 memory map extents:
  arwxp-              0x10000               16 KB 
  -r-xp-             0x400000               80 KB          0 in 253.0.2293823
  -rwxp-             0x613000               12 KB 0x0000000000013000 in 253.0.2293823
  arwxp-           0x4110e000                4 KB 
  arwxp-           0x416f3000                4 KB 
  arwxp-           0x418b0000                8 KB 
  -rwxp-           0x70000000             1192 KB          0 in 253.5.103563400
  arwxp-           0x7012a000             1092 KB 
  -rwxsz           0x74000000             4096 KB          0 in 0.9.42836419
  -rwxp-         0x3348e00000                8 KB          0 in 253.0.2097342
  -r-xp-         0x3348e02000              104 KB 0x0000000000002000 in 253.0.2097342
  -rwxp-         0x334901c000                8 KB 0x000000000001c000 in 253.0.2097342
  -rwxsz       0x2aaaaaaab000              132 KB          0 in 0.9.42836423
  -rwxsz       0x2aaaaaacc000               68 KB          0 in 0.9.42836424
  -rwxsz       0x2aaaaaadd000               68 KB          0 in 0.9.42836425
  -rwxsz       0x2aaaaaaee000              132 KB          0 in 0.9.42836426
  -rwxsz       0x2aaaaab0f000              516 KB          0 in 0.9.42836431
  -rwxsz       0x2aaaaab90000             1024 KB          0 in 0.9.42836432
  -rwxsz       0x2aaaaac90000             1024 KB          0 in 0.9.42836433
  -rwxsz       0x2aaaaad90000             1024 KB          0 in 0.9.42836434
  -rwxsz       0x2aaaaae90000             1024 KB          0 in 0.9.42836435
  -rwxsz       0x2aaaaaf90000             1024 KB          0 in 0.9.42836436
  -rwxsz       0x2aaaab090000             1024 KB          0 in 0.9.42836437
  -rwxsz       0x2aaaab190000             1024 KB          0 in 0.9.42836438
  -rwxsz       0x2aaaab290000             3072 KB          0 in 0.9.42836439
  -rwxsz       0x2aaaab590000            16384 KB          0 in 0.9.42836440
  arw-pS       0x7fff0114d000            10188 KB 
  ar-xpv       0x7fff01bfd000                4 KB 
  a---p-   0xffffffffff600000             8192 KB 
setattr: region 0x10000 to 0x14000 (16 KB) has user-visible attributes rwx
setattr: region 0x400000 to 0x414000 (80 KB) has user-visible attributes r-x
setattr: region 0x613000 to 0x616000 (12 KB) has user-visible attributes rwx
setattr: region 0x4110e000 to 0x4110f000 (4 KB) has user-visible attributes rwx
setattr: region 0x416f3000 to 0x416f4000 (4 KB) has user-visible attributes rwx
setattr: region 0x418b0000 to 0x418b2000 (8 KB) has user-visible attributes rwx
setattr: region 0x70000000 to 0x7012a000 (1192 KB) has user-visible attributes rwx
setattr: region 0x7012a000 to 0x7023b000 (1092 KB) has user-visible attributes rwx
setattr: region 0x74000000 to 0x74400000 (4096 KB) has user-visible attributes ---
setattr: region 0x3348e00000 to 0x3348e02000 (8 KB) has user-visible attributes rwx
setattr: region 0x3348e02000 to 0x3348e1c000 (104 KB) has user-visible attributes r-x
setattr: region 0x334901c000 to 0x334901e000 (8 KB) has user-visible attributes rwx
setattr: region 0x2aaaaaaab000 to 0x2aaaaaacc000 (132 KB) has user-visible attributes ---
setattr: region 0x2aaaaaacc000 to 0x2aaaaaadd000 (68 KB) has user-visible attributes ---
setattr: region 0x2aaaaaadd000 to 0x2aaaaaaee000 (68 KB) has user-visible attributes ---
setattr: region 0x2aaaaaaee000 to 0x2aaaaab0f000 (132 KB) has user-visible attributes ---
setattr: region 0x2aaaaab0f000 to 0x2aaaaab90000 (516 KB) has user-visible attributes ---
setattr: region 0x2aaaaab90000 to 0x2aaaaac90000 (1024 KB) has user-visible attributes ---
setattr: region 0x2aaaaac90000 to 0x2aaaaad90000 (1024 KB) has user-visible attributes ---
setattr: region 0x2aaaaad90000 to 0x2aaaaae90000 (1024 KB) has user-visible attributes ---
setattr: region 0x2aaaaae90000 to 0x2aaaaaf90000 (1024 KB) has user-visible attributes ---
setattr: region 0x2aaaaaf90000 to 0x2aaaab090000 (1024 KB) has user-visible attributes ---
setattr: region 0x2aaaab090000 to 0x2aaaab190000 (1024 KB) has user-visible attributes ---
setattr: region 0x2aaaab190000 to 0x2aaaab290000 (1024 KB) has user-visible attributes ---
setattr: region 0x2aaaab290000 to 0x2aaaab590000 (3072 KB) has user-visible attributes ---
setattr: region 0x2aaaab590000 to 0x2aaaac590000 (16384 KB) has user-visible attributes ---
setattr: region 0x7fff0114d000 to 0x7fff01b40000 (10188 KB) has user-visible attributes rw-
setattr: region 0x7fff01bfd000 to 0x7fff01bfe000 (4 KB) has user-visible attributes r-x
setattr: region 0xffffffffff600000 to 0xffffffffffe00000 (8192 KB) has user-visible attributes ---
resync_with_process_maps: brk from 0x1c271000 to 0x1c271000
resync_with_process_maps: fs 0000, fsbase 0x0, gs 0000, gsbase 0x0
  Original user stack range: 0x7fff0114e000 to 0x7fff01b3e000 (10420224 bytes)
  Stack from 0x7fff0114e000 to 0x7fff0114d000 (-4096 bytes) is allocate-on-access
setattr: region 0x70000000 to 0x80000000 (262144 KB) has user-visible attributes ---
Baseline state:
VCPU State:
  Architectural Registers:
  rax    0x0000000000000000  rcx    0x0000000000000000  rdx    0x0000000000000000  rbx    0x0000000000000000
  rsp    0x00007fff01b3db90  rbp    0x0000000000000000  rsi    0x0000000000000000  rdi    0x0000000000000000
  r8     0x0000000000000000  r9     0x0000000000000000  r10    0x0000000000000000  r11    0x0000000000000000
  r12    0x0000000000000000  r13    0x0000000000000000  r14    0x0000000000000000  r15    0x0000000000000000
  xmml0  0x0000000000000000  xmmh0  0x0000000000000000  xmml1  0x0000000000000000  xmmh1  0x0000000000000000
  xmml2  0x0000000000000000  xmmh2  0x0000000000000000  xmml3  0x0000000000000000  xmmh3  0x0000000000000000
  xmml4  0x0000000000000000  xmmh4  0x0000000000000000  xmml5  0x0000000000000000  xmmh5  0x0000000000000000
  xmml6  0x0000000000000000  xmmh6  0x0000000000000000  xmml7  0x0000000000000000  xmmh7  0x0000000000000000
  xmml8  0x0000000000000000  xmmh8  0x0000000000000000  xmml9  0x0000000000000000  xmmh9  0x0000000000000000
  xmml10 0x0000000000000000  xmmh10 0x0000000000000000  xmml11 0x0000000000000000  xmmh11 0x0000000000000000
  xmml12 0x0000000000000000  xmmh12 0x0000000000000000  xmml13 0x0000000000000000  xmmh13 0x0000000000000000
  xmml14 0x0000000000000000  xmmh14 0x0000000000000000  xmml15 0x0000000000000000  xmmh15 0x0000000000000000
  fptos  0x0000000000000000  fpsw   0x0000000000000000  fptags 0x0000000000000000  fpstack 0x00000000701162a0
  msr    0x0000000000000000  dlptr  0x0000000000000000  trace  0x0000000000000000  ctx    0x0000000070116000
  rip    0x0000003348e00a70  flags  0x0000000000000000  dlend  0x0000000000000202  selfrip 0x0000000000000000
  nextrip 0x0000000000000000  ar1    0x0000000000000000  ar2    0x0000000000000000  zero   0x0000000000000000
  Segment Registers:
    cs 0x0033: base 0000000000000000, limit ffffffffffffffff, ring 0: usr            
    ss 0x002b: base 0000000000000000, limit ffffffffffffffff, ring 0: usr            
    ds 0x0000: base 0000000000000000, limit ffffffffffffffff, ring 0: usr            
    es 0x0000: base 0000000000000000, limit ffffffffffffffff, ring 0: usr            
    fs 0x0000: base 0000000000000000, limit ffffffffffffffff, ring 0: usr            
    gs 0x0000: base 0000000000000000, limit ffffffffffffffff, ring 0: usr            
  FPU:
    FP Control Word: 0x0000037f
    MXCSR:           0x00001f80
    fp7  st(7)  Empty  0x0000000000000000 => 0.0
    fp6  st(6)  Empty  0x0000000000000000 => 0.0
    fp5  st(5)  Empty  0x0000000000000000 => 0.0
    fp4  st(4)  Empty  0x0000000000000000 => 0.0
    fp3  st(3)  Empty  0x0000000000000000 => 0.0
    fp2  st(2)  Empty  0x0000000000000000 => 0.0
    fp1  st(1)  Empty  0x0000000000000000 => 0.0
    fp0  st(0)  Empty  0x0000000000000000 => 0.0
  Internal State:
    Last internal exception: 0x0000000000000000 (NoException)
Initializing core 'ooo'
Switching to simulation core 'ooo'...
Stopping after 9223372036854775807 commits
Starting out-of-order core toplevel loop
Start logging at level 0 in cycle 0
IssueQueue states:
Completed             0 cycles,             0 commits:         0 Hz,         0 insns/sec: rip 0x3348e00a70                                                      
